<?xml version="1.0" encoding="UTF-8"?>
<!-- Generated by org.testng.reporters.JUnitReportReporter -->
<testsuite hostname="DESKTOP-MMIQK27" failures="0" tests="5" name="com.tutorialsninja.qa.testcases.Login" time="21.731" errors="0" timestamp="7 Jul 2024 17:05:41 GMT">
  <testcase classname="com.tutorialsninja.qa.testcases.Login" name="verifyLoginWithValidEmailAndInvalidPassword" time="5.320"/>
  <testcase classname="com.tutorialsninja.qa.testcases.Login" name="verifyLoginWithInvalidEmailAndValidPassword" time="3.812"/>
  <testcase classname="com.tutorialsninja.qa.testcases.Login" name="verifyLoginWithInvalidCredentials" time="5.612"/>
  <testcase classname="com.tutorialsninja.qa.testcases.Login" name="verifyLoginWithValidCredentials" time="3.590"/>
  <testcase classname="com.tutorialsninja.qa.testcases.Login" name="verifyLoginWithoutEmailAndInvalidPassword" time="3.397"/>
</testsuite> <!-- com.tutorialsninja.qa.testcases.Login -->
