<?xml version="1.0" encoding="UTF-8"?>
<!-- Generated by org.testng.reporters.JUnitReportReporter -->
<testsuite hostname="DESKTOP-MMIQK27" failures="0" tests="1" name="com.tutorialsninja.qa.testcases.register" time="8.854" errors="0" timestamp="7 Jul 2024 19:16:41 GMT">
  <testcase classname="com.tutorialsninja.qa.testcases.register" name="verifyRegisteringAccountWithoutFillingAnyDetails" time="8.854"/>
</testsuite> <!-- com.tutorialsninja.qa.testcases.register -->
